{"uuid":"34ee9e06-2a58-4c29-82f8-67f1185b6ba1","historyId":"4328b968183d11402722d71d01f9dc91","fullName":"features/03_ecommerce.feature:20","labels":[{"name":"tag","value":"Ecommerce"},{"name":"tag","value":"HappyPath"},{"name":"host","value":"DESKTOP-NBK526R"},{"name":"thread","value":"12064@DESKTOP-NBK526R.main(3)"},{"name":"feature","value":"E-commerce Cielo"},{"name":"story","value":"Navegar pelo E-commerce API E-commerce"},{"name":"suite","value":"E-commerce Cielo"},{"name":"testClass","value":"Navegar pelo E-commerce API E-commerce"},{"name":"framework","value":"cucumber4jvm"},{"name":"language","value":"java"},{"name":"gherkin_uri","value":"classpath:features/03_ecommerce.feature"},{"name":"package","value":"features.03_ecommerce_feature.E-commerce Cielo"}],"links":[],"name":"Navegar pelo E-commerce API E-commerce","status":"broken","statusDetails":{"known":false,"muted":false,"flaky":false,"message":"stale element reference: stale element not found\n  (Session info: chrome=143.0.7499.194)\nFor documentation on this error, please visit: https://www.selenium.dev/documentation/webdriver/troubleshooting/errors#stale-element-reference-exception\nBuild info: version: '4.27.0', revision: 'd6e718d134'\nSystem info: os.name: 'Windows 11', os.arch: 'amd64', os.version: '10.0', java.version: '25.0.1'\nDriver info: org.openqa.selenium.chrome.ChromeDriver\nCommand: [338032c69b1067b31ca40997921095ed, executeScript {script=arguments[0].style.border=''; arguments[0].style.outline=''; arguments[0].style.color=''; arguments[0].style.boxShadow='';, args=[{element-6066-11e4-a52e-4f735466cecf=f.84EBDB28AD78AFC2BCEC25947203C911.d.A6170E541C910BD96C8F097649A41A40.e.4}]}]\nCapabilities {acceptInsecureCerts: false, browserName: chrome, browserVersion: 143.0.7499.194, chrome: {chromedriverVersion: 143.0.7499.192 (be2c1f4fd45..., userDataDir: C:\\Users\\(-_-)\\AppData\\Loca...}, fedcm:accounts: true, goog:chromeOptions: {debuggerAddress: localhost:64752}, goog:processID: 16188, networkConnectionEnabled: false, pageLoadStrategy: normal, platformName: windows, proxy: Proxy(), se:cdp: ws://localhost:64752/devtoo..., se:cdpVersion: 143.0.7499.194, setWindowRect: true, strictFileInteractability: false, timeouts: {implicit: 0, pageLoad: 300000, script: 30000}, unhandledPromptBehavior: dismiss and notify, webauthn:extension:credBlob: true, webauthn:extension:largeBlob: true, webauthn:extension:minPinLength: true, webauthn:extension:prf: true, webauthn:virtualAuthenticators: true}\nSession ID: 338032c69b1067b31ca40997921095ed","trace":"org.openqa.selenium.StaleElementReferenceException: stale element reference: stale element not found\n  (Session info: chrome=143.0.7499.194)\nFor documentation on this error, please visit: https://www.selenium.dev/documentation/webdriver/troubleshooting/errors#stale-element-reference-exception\nBuild info: version: '4.27.0', revision: 'd6e718d134'\nSystem info: os.name: 'Windows 11', os.arch: 'amd64', os.version: '10.0', java.version: '25.0.1'\nDriver info: org.openqa.selenium.chrome.ChromeDriver\nCommand: [338032c69b1067b31ca40997921095ed, executeScript {script=arguments[0].style.border=''; arguments[0].style.outline=''; arguments[0].style.color=''; arguments[0].style.boxShadow='';, args=[{element-6066-11e4-a52e-4f735466cecf=f.84EBDB28AD78AFC2BCEC25947203C911.d.A6170E541C910BD96C8F097649A41A40.e.4}]}]\nCapabilities {acceptInsecureCerts: false, browserName: chrome, browserVersion: 143.0.7499.194, chrome: {chromedriverVersion: 143.0.7499.192 (be2c1f4fd45..., userDataDir: C:\\Users\\(-_-)\\AppData\\Loca...}, fedcm:accounts: true, goog:chromeOptions: {debuggerAddress: localhost:64752}, goog:processID: 16188, networkConnectionEnabled: false, pageLoadStrategy: normal, platformName: windows, proxy: Proxy(), se:cdp: ws://localhost:64752/devtoo..., se:cdpVersion: 143.0.7499.194, setWindowRect: true, strictFileInteractability: false, timeouts: {implicit: 0, pageLoad: 300000, script: 30000}, unhandledPromptBehavior: dismiss and notify, webauthn:extension:credBlob: true, webauthn:extension:largeBlob: true, webauthn:extension:minPinLength: true, webauthn:extension:prf: true, webauthn:virtualAuthenticators: true}\nSession ID: 338032c69b1067b31ca40997921095ed\r\n\tat java.base/jdk.internal.reflect.DirectConstructorHandleAccessor.newInstance(DirectConstructorHandleAccessor.java:62)\r\n\tat java.base/java.lang.reflect.Constructor.newInstanceWithCaller(Constructor.java:499)\r\n\tat java.base/java.lang.reflect.Constructor.newInstance(Constructor.java:483)\r\n\tat org.openqa.selenium.remote.ErrorCodec.decode(ErrorCodec.java:167)\r\n\tat org.openqa.selenium.remote.codec.w3c.W3CHttpResponseCodec.decode(W3CHttpResponseCodec.java:138)\r\n\tat org.openqa.selenium.remote.codec.w3c.W3CHttpResponseCodec.decode(W3CHttpResponseCodec.java:50)\r\n\tat org.openqa.selenium.remote.HttpCommandExecutor.execute(HttpCommandExecutor.java:190)\r\n\tat org.openqa.selenium.remote.service.DriverCommandExecutor.invokeExecute(DriverCommandExecutor.java:216)\r\n\tat org.openqa.selenium.remote.service.DriverCommandExecutor.execute(DriverCommandExecutor.java:174)\r\n\tat org.openqa.selenium.remote.RemoteWebDriver.execute(RemoteWebDriver.java:545)\r\n\tat org.openqa.selenium.remote.RemoteWebDriver.executeScript(RemoteWebDriver.java:476)\r\n\tat utils.ElementHelper.unhighlightElement(ElementHelper.java:80)\r\n\tat utils.ElementHelper.clickWithHighlight(ElementHelper.java:180)\r\n\tat pages.BasePage.click(BasePage.java:25)\r\n\tat pages.CommonPage.acessarEcommerce(CommonPage.java:29)\r\n\tat steps.CieloSteps.euDestacoEClicoNoElemento(CieloSteps.java:48)\r\n\tat ✽.eu destaco e clico no elemento \"E-commerce\"(classpath:features/03_ecommerce.feature:10)\r\n"},"stage":"finished","steps":[{"name":"Dado  que eu acesso a página inicial da Cielo","status":"passed","statusDetails":{"known":false,"muted":false,"flaky":false},"stage":"finished","steps":[],"attachments":[],"parameters":[],"start":1769205769817,"stop":1769205771283},{"name":"E  eu fecho o popup","status":"passed","statusDetails":{"known":false,"muted":false,"flaky":false},"stage":"finished","steps":[],"attachments":[],"parameters":[],"start":1769205771284,"stop":1769205772095},{"name":"Quando  eu destaco e clico no elemento \"E-commerce\"","status":"broken","statusDetails":{"known":false,"muted":false,"flaky":false,"message":"stale element reference: stale element not found\n  (Session info: chrome=143.0.7499.194)\nFor documentation on this error, please visit: https://www.selenium.dev/documentation/webdriver/troubleshooting/errors#stale-element-reference-exception\nBuild info: version: '4.27.0', revision: 'd6e718d134'\nSystem info: os.name: 'Windows 11', os.arch: 'amd64', os.version: '10.0', java.version: '25.0.1'\nDriver info: org.openqa.selenium.chrome.ChromeDriver\nCommand: [338032c69b1067b31ca40997921095ed, executeScript {script=arguments[0].style.border=''; arguments[0].style.outline=''; arguments[0].style.color=''; arguments[0].style.boxShadow='';, args=[{element-6066-11e4-a52e-4f735466cecf=f.84EBDB28AD78AFC2BCEC25947203C911.d.A6170E541C910BD96C8F097649A41A40.e.4}]}]\nCapabilities {acceptInsecureCerts: false, browserName: chrome, browserVersion: 143.0.7499.194, chrome: {chromedriverVersion: 143.0.7499.192 (be2c1f4fd45..., userDataDir: C:\\Users\\(-_-)\\AppData\\Loca...}, fedcm:accounts: true, goog:chromeOptions: {debuggerAddress: localhost:64752}, goog:processID: 16188, networkConnectionEnabled: false, pageLoadStrategy: normal, platformName: windows, proxy: Proxy(), se:cdp: ws://localhost:64752/devtoo..., se:cdpVersion: 143.0.7499.194, setWindowRect: true, strictFileInteractability: false, timeouts: {implicit: 0, pageLoad: 300000, script: 30000}, unhandledPromptBehavior: dismiss and notify, webauthn:extension:credBlob: true, webauthn:extension:largeBlob: true, webauthn:extension:minPinLength: true, webauthn:extension:prf: true, webauthn:virtualAuthenticators: true}\nSession ID: 338032c69b1067b31ca40997921095ed","trace":"org.openqa.selenium.StaleElementReferenceException: stale element reference: stale element not found\n  (Session info: chrome=143.0.7499.194)\nFor documentation on this error, please visit: https://www.selenium.dev/documentation/webdriver/troubleshooting/errors#stale-element-reference-exception\nBuild info: version: '4.27.0', revision: 'd6e718d134'\nSystem info: os.name: 'Windows 11', os.arch: 'amd64', os.version: '10.0', java.version: '25.0.1'\nDriver info: org.openqa.selenium.chrome.ChromeDriver\nCommand: [338032c69b1067b31ca40997921095ed, executeScript {script=arguments[0].style.border=''; arguments[0].style.outline=''; arguments[0].style.color=''; arguments[0].style.boxShadow='';, args=[{element-6066-11e4-a52e-4f735466cecf=f.84EBDB28AD78AFC2BCEC25947203C911.d.A6170E541C910BD96C8F097649A41A40.e.4}]}]\nCapabilities {acceptInsecureCerts: false, browserName: chrome, browserVersion: 143.0.7499.194, chrome: {chromedriverVersion: 143.0.7499.192 (be2c1f4fd45..., userDataDir: C:\\Users\\(-_-)\\AppData\\Loca...}, fedcm:accounts: true, goog:chromeOptions: {debuggerAddress: localhost:64752}, goog:processID: 16188, networkConnectionEnabled: false, pageLoadStrategy: normal, platformName: windows, proxy: Proxy(), se:cdp: ws://localhost:64752/devtoo..., se:cdpVersion: 143.0.7499.194, setWindowRect: true, strictFileInteractability: false, timeouts: {implicit: 0, pageLoad: 300000, script: 30000}, unhandledPromptBehavior: dismiss and notify, webauthn:extension:credBlob: true, webauthn:extension:largeBlob: true, webauthn:extension:minPinLength: true, webauthn:extension:prf: true, webauthn:virtualAuthenticators: true}\nSession ID: 338032c69b1067b31ca40997921095ed\r\n\tat java.base/jdk.internal.reflect.DirectConstructorHandleAccessor.newInstance(DirectConstructorHandleAccessor.java:62)\r\n\tat java.base/java.lang.reflect.Constructor.newInstanceWithCaller(Constructor.java:499)\r\n\tat java.base/java.lang.reflect.Constructor.newInstance(Constructor.java:483)\r\n\tat org.openqa.selenium.remote.ErrorCodec.decode(ErrorCodec.java:167)\r\n\tat org.openqa.selenium.remote.codec.w3c.W3CHttpResponseCodec.decode(W3CHttpResponseCodec.java:138)\r\n\tat org.openqa.selenium.remote.codec.w3c.W3CHttpResponseCodec.decode(W3CHttpResponseCodec.java:50)\r\n\tat org.openqa.selenium.remote.HttpCommandExecutor.execute(HttpCommandExecutor.java:190)\r\n\tat org.openqa.selenium.remote.service.DriverCommandExecutor.invokeExecute(DriverCommandExecutor.java:216)\r\n\tat org.openqa.selenium.remote.service.DriverCommandExecutor.execute(DriverCommandExecutor.java:174)\r\n\tat org.openqa.selenium.remote.RemoteWebDriver.execute(RemoteWebDriver.java:545)\r\n\tat org.openqa.selenium.remote.RemoteWebDriver.executeScript(RemoteWebDriver.java:476)\r\n\tat utils.ElementHelper.unhighlightElement(ElementHelper.java:80)\r\n\tat utils.ElementHelper.clickWithHighlight(ElementHelper.java:180)\r\n\tat pages.BasePage.click(BasePage.java:25)\r\n\tat pages.CommonPage.acessarEcommerce(CommonPage.java:29)\r\n\tat steps.CieloSteps.euDestacoEClicoNoElemento(CieloSteps.java:48)\r\n\tat ✽.eu destaco e clico no elemento \"E-commerce\"(classpath:features/03_ecommerce.feature:10)\r\n"},"stage":"finished","steps":[],"attachments":[],"parameters":[],"start":1769205772095,"stop":1769205775324},{"name":"E  eu interajo com o sub-elemento \"API E-commerce\"","status":"skipped","statusDetails":{"known":false,"muted":false,"flaky":false},"stage":"finished","steps":[],"attachments":[],"parameters":[],"start":1769205775324,"stop":1769205775324},{"name":"Então  eu tiro um screenshot do resultado \"Resultado\"","status":"skipped","statusDetails":{"known":false,"muted":false,"flaky":false},"stage":"finished","steps":[],"attachments":[],"parameters":[],"start":1769205775324,"stop":1769205775324}],"attachments":[],"parameters":[{"name":"SubElemento","value":"API E-commerce"}],"start":1769205769150,"stop":1769205775832}