{"uuid":"4f461e7b-5a6b-40ea-83a9-d1c20d04412d","historyId":"3cf5610a038fb99e1cf7eb150947201c","fullName":"features/06_ajuda.feature:16","labels":[{"name":"tag","value":"Ajuda"},{"name":"tag","value":"HappyPath"},{"name":"host","value":"DESKTOP-NBK526R"},{"name":"thread","value":"12064@DESKTOP-NBK526R.main(3)"},{"name":"feature","value":"Ajuda Cielo"},{"name":"story","value":"Navegar pela Ajuda Atendimento pelo WhatsApp"},{"name":"suite","value":"Ajuda Cielo"},{"name":"testClass","value":"Navegar pela Ajuda Atendimento pelo WhatsApp"},{"name":"framework","value":"cucumber4jvm"},{"name":"language","value":"java"},{"name":"gherkin_uri","value":"classpath:features/06_ajuda.feature"},{"name":"package","value":"features.06_ajuda_feature.Ajuda Cielo"}],"links":[],"name":"Navegar pela Ajuda Atendimento pelo WhatsApp","status":"broken","statusDetails":{"known":false,"muted":false,"flaky":false,"message":"stale element reference: stale element not found\n  (Session info: chrome=143.0.7499.194)\nFor documentation on this error, please visit: https://www.selenium.dev/documentation/webdriver/troubleshooting/errors#stale-element-reference-exception\nBuild info: version: '4.27.0', revision: 'd6e718d134'\nSystem info: os.name: 'Windows 11', os.arch: 'amd64', os.version: '10.0', java.version: '25.0.1'\nDriver info: org.openqa.selenium.chrome.ChromeDriver\nCommand: [f488016949db949e7bf9c9ed1f71ab59, executeScript {script=arguments[0].style.border=''; arguments[0].style.outline=''; arguments[0].style.color=''; arguments[0].style.boxShadow='';, args=[{element-6066-11e4-a52e-4f735466cecf=f.1DC38F7E497F6275E7D771BC3FE358CC.d.BFEBE45C246BE2ADAE3BC200FB8FA254.e.29}]}]\nCapabilities {acceptInsecureCerts: false, browserName: chrome, browserVersion: 143.0.7499.194, chrome: {chromedriverVersion: 143.0.7499.192 (be2c1f4fd45..., userDataDir: C:\\Users\\(-_-)\\AppData\\Loca...}, fedcm:accounts: true, goog:chromeOptions: {debuggerAddress: localhost:61036}, goog:processID: 16124, networkConnectionEnabled: false, pageLoadStrategy: normal, platformName: windows, proxy: Proxy(), se:cdp: ws://localhost:61036/devtoo..., se:cdpVersion: 143.0.7499.194, setWindowRect: true, strictFileInteractability: false, timeouts: {implicit: 0, pageLoad: 300000, script: 30000}, unhandledPromptBehavior: dismiss and notify, webauthn:extension:credBlob: true, webauthn:extension:largeBlob: true, webauthn:extension:minPinLength: true, webauthn:extension:prf: true, webauthn:virtualAuthenticators: true}\nSession ID: f488016949db949e7bf9c9ed1f71ab59","trace":"org.openqa.selenium.StaleElementReferenceException: stale element reference: stale element not found\n  (Session info: chrome=143.0.7499.194)\nFor documentation on this error, please visit: https://www.selenium.dev/documentation/webdriver/troubleshooting/errors#stale-element-reference-exception\nBuild info: version: '4.27.0', revision: 'd6e718d134'\nSystem info: os.name: 'Windows 11', os.arch: 'amd64', os.version: '10.0', java.version: '25.0.1'\nDriver info: org.openqa.selenium.chrome.ChromeDriver\nCommand: [f488016949db949e7bf9c9ed1f71ab59, executeScript {script=arguments[0].style.border=''; arguments[0].style.outline=''; arguments[0].style.color=''; arguments[0].style.boxShadow='';, args=[{element-6066-11e4-a52e-4f735466cecf=f.1DC38F7E497F6275E7D771BC3FE358CC.d.BFEBE45C246BE2ADAE3BC200FB8FA254.e.29}]}]\nCapabilities {acceptInsecureCerts: false, browserName: chrome, browserVersion: 143.0.7499.194, chrome: {chromedriverVersion: 143.0.7499.192 (be2c1f4fd45..., userDataDir: C:\\Users\\(-_-)\\AppData\\Loca...}, fedcm:accounts: true, goog:chromeOptions: {debuggerAddress: localhost:61036}, goog:processID: 16124, networkConnectionEnabled: false, pageLoadStrategy: normal, platformName: windows, proxy: Proxy(), se:cdp: ws://localhost:61036/devtoo..., se:cdpVersion: 143.0.7499.194, setWindowRect: true, strictFileInteractability: false, timeouts: {implicit: 0, pageLoad: 300000, script: 30000}, unhandledPromptBehavior: dismiss and notify, webauthn:extension:credBlob: true, webauthn:extension:largeBlob: true, webauthn:extension:minPinLength: true, webauthn:extension:prf: true, webauthn:virtualAuthenticators: true}\nSession ID: f488016949db949e7bf9c9ed1f71ab59\r\n\tat java.base/jdk.internal.reflect.DirectConstructorHandleAccessor.newInstance(DirectConstructorHandleAccessor.java:62)\r\n\tat java.base/java.lang.reflect.Constructor.newInstanceWithCaller(Constructor.java:499)\r\n\tat java.base/java.lang.reflect.Constructor.newInstance(Constructor.java:483)\r\n\tat org.openqa.selenium.remote.ErrorCodec.decode(ErrorCodec.java:167)\r\n\tat org.openqa.selenium.remote.codec.w3c.W3CHttpResponseCodec.decode(W3CHttpResponseCodec.java:138)\r\n\tat org.openqa.selenium.remote.codec.w3c.W3CHttpResponseCodec.decode(W3CHttpResponseCodec.java:50)\r\n\tat org.openqa.selenium.remote.HttpCommandExecutor.execute(HttpCommandExecutor.java:190)\r\n\tat org.openqa.selenium.remote.service.DriverCommandExecutor.invokeExecute(DriverCommandExecutor.java:216)\r\n\tat org.openqa.selenium.remote.service.DriverCommandExecutor.execute(DriverCommandExecutor.java:174)\r\n\tat org.openqa.selenium.remote.RemoteWebDriver.execute(RemoteWebDriver.java:545)\r\n\tat org.openqa.selenium.remote.RemoteWebDriver.executeScript(RemoteWebDriver.java:476)\r\n\tat utils.ElementHelper.unhighlightElement(ElementHelper.java:80)\r\n\tat utils.ElementHelper.clickWithHighlight(ElementHelper.java:180)\r\n\tat pages.BasePage.click(BasePage.java:25)\r\n\tat pages.CommonPage.acessarAjuda(CommonPage.java:37)\r\n\tat steps.CieloSteps.euDestacoEClicoNoElemento(CieloSteps.java:50)\r\n\tat ✽.eu destaco e clico no elemento \"Ajuda\"(classpath:features/06_ajuda.feature:10)\r\n"},"stage":"finished","steps":[{"name":"Dado  que eu acesso a página inicial da Cielo","status":"passed","statusDetails":{"known":false,"muted":false,"flaky":false},"stage":"finished","steps":[],"attachments":[],"parameters":[],"start":1769205844944,"stop":1769205846424},{"name":"E  eu fecho o popup","status":"passed","statusDetails":{"known":false,"muted":false,"flaky":false},"stage":"finished","steps":[],"attachments":[],"parameters":[],"start":1769205846424,"stop":1769205847236},{"name":"Quando  eu destaco e clico no elemento \"Ajuda\"","status":"broken","statusDetails":{"known":false,"muted":false,"flaky":false,"message":"stale element reference: stale element not found\n  (Session info: chrome=143.0.7499.194)\nFor documentation on this error, please visit: https://www.selenium.dev/documentation/webdriver/troubleshooting/errors#stale-element-reference-exception\nBuild info: version: '4.27.0', revision: 'd6e718d134'\nSystem info: os.name: 'Windows 11', os.arch: 'amd64', os.version: '10.0', java.version: '25.0.1'\nDriver info: org.openqa.selenium.chrome.ChromeDriver\nCommand: [f488016949db949e7bf9c9ed1f71ab59, executeScript {script=arguments[0].style.border=''; arguments[0].style.outline=''; arguments[0].style.color=''; arguments[0].style.boxShadow='';, args=[{element-6066-11e4-a52e-4f735466cecf=f.1DC38F7E497F6275E7D771BC3FE358CC.d.BFEBE45C246BE2ADAE3BC200FB8FA254.e.29}]}]\nCapabilities {acceptInsecureCerts: false, browserName: chrome, browserVersion: 143.0.7499.194, chrome: {chromedriverVersion: 143.0.7499.192 (be2c1f4fd45..., userDataDir: C:\\Users\\(-_-)\\AppData\\Loca...}, fedcm:accounts: true, goog:chromeOptions: {debuggerAddress: localhost:61036}, goog:processID: 16124, networkConnectionEnabled: false, pageLoadStrategy: normal, platformName: windows, proxy: Proxy(), se:cdp: ws://localhost:61036/devtoo..., se:cdpVersion: 143.0.7499.194, setWindowRect: true, strictFileInteractability: false, timeouts: {implicit: 0, pageLoad: 300000, script: 30000}, unhandledPromptBehavior: dismiss and notify, webauthn:extension:credBlob: true, webauthn:extension:largeBlob: true, webauthn:extension:minPinLength: true, webauthn:extension:prf: true, webauthn:virtualAuthenticators: true}\nSession ID: f488016949db949e7bf9c9ed1f71ab59","trace":"org.openqa.selenium.StaleElementReferenceException: stale element reference: stale element not found\n  (Session info: chrome=143.0.7499.194)\nFor documentation on this error, please visit: https://www.selenium.dev/documentation/webdriver/troubleshooting/errors#stale-element-reference-exception\nBuild info: version: '4.27.0', revision: 'd6e718d134'\nSystem info: os.name: 'Windows 11', os.arch: 'amd64', os.version: '10.0', java.version: '25.0.1'\nDriver info: org.openqa.selenium.chrome.ChromeDriver\nCommand: [f488016949db949e7bf9c9ed1f71ab59, executeScript {script=arguments[0].style.border=''; arguments[0].style.outline=''; arguments[0].style.color=''; arguments[0].style.boxShadow='';, args=[{element-6066-11e4-a52e-4f735466cecf=f.1DC38F7E497F6275E7D771BC3FE358CC.d.BFEBE45C246BE2ADAE3BC200FB8FA254.e.29}]}]\nCapabilities {acceptInsecureCerts: false, browserName: chrome, browserVersion: 143.0.7499.194, chrome: {chromedriverVersion: 143.0.7499.192 (be2c1f4fd45..., userDataDir: C:\\Users\\(-_-)\\AppData\\Loca...}, fedcm:accounts: true, goog:chromeOptions: {debuggerAddress: localhost:61036}, goog:processID: 16124, networkConnectionEnabled: false, pageLoadStrategy: normal, platformName: windows, proxy: Proxy(), se:cdp: ws://localhost:61036/devtoo..., se:cdpVersion: 143.0.7499.194, setWindowRect: true, strictFileInteractability: false, timeouts: {implicit: 0, pageLoad: 300000, script: 30000}, unhandledPromptBehavior: dismiss and notify, webauthn:extension:credBlob: true, webauthn:extension:largeBlob: true, webauthn:extension:minPinLength: true, webauthn:extension:prf: true, webauthn:virtualAuthenticators: true}\nSession ID: f488016949db949e7bf9c9ed1f71ab59\r\n\tat java.base/jdk.internal.reflect.DirectConstructorHandleAccessor.newInstance(DirectConstructorHandleAccessor.java:62)\r\n\tat java.base/java.lang.reflect.Constructor.newInstanceWithCaller(Constructor.java:499)\r\n\tat java.base/java.lang.reflect.Constructor.newInstance(Constructor.java:483)\r\n\tat org.openqa.selenium.remote.ErrorCodec.decode(ErrorCodec.java:167)\r\n\tat org.openqa.selenium.remote.codec.w3c.W3CHttpResponseCodec.decode(W3CHttpResponseCodec.java:138)\r\n\tat org.openqa.selenium.remote.codec.w3c.W3CHttpResponseCodec.decode(W3CHttpResponseCodec.java:50)\r\n\tat org.openqa.selenium.remote.HttpCommandExecutor.execute(HttpCommandExecutor.java:190)\r\n\tat org.openqa.selenium.remote.service.DriverCommandExecutor.invokeExecute(DriverCommandExecutor.java:216)\r\n\tat org.openqa.selenium.remote.service.DriverCommandExecutor.execute(DriverCommandExecutor.java:174)\r\n\tat org.openqa.selenium.remote.RemoteWebDriver.execute(RemoteWebDriver.java:545)\r\n\tat org.openqa.selenium.remote.RemoteWebDriver.executeScript(RemoteWebDriver.java:476)\r\n\tat utils.ElementHelper.unhighlightElement(ElementHelper.java:80)\r\n\tat utils.ElementHelper.clickWithHighlight(ElementHelper.java:180)\r\n\tat pages.BasePage.click(BasePage.java:25)\r\n\tat pages.CommonPage.acessarAjuda(CommonPage.java:37)\r\n\tat steps.CieloSteps.euDestacoEClicoNoElemento(CieloSteps.java:50)\r\n\tat ✽.eu destaco e clico no elemento \"Ajuda\"(classpath:features/06_ajuda.feature:10)\r\n"},"stage":"finished","steps":[],"attachments":[],"parameters":[],"start":1769205847236,"stop":1769205849859},{"name":"E  eu interajo com o sub-elemento \"Atendimento pelo WhatsApp\"","status":"skipped","statusDetails":{"known":false,"muted":false,"flaky":false},"stage":"finished","steps":[],"attachments":[],"parameters":[],"start":1769205849860,"stop":1769205849860},{"name":"Então  eu tiro um screenshot do resultado \"Resultado\"","status":"skipped","statusDetails":{"known":false,"muted":false,"flaky":false},"stage":"finished","steps":[],"attachments":[],"parameters":[],"start":1769205849860,"stop":1769205849860}],"attachments":[],"parameters":[{"name":"SubElemento","value":"Atendimento pelo WhatsApp"}],"start":1769205844336,"stop":1769205850168}