{"uuid":"6130d76d-0b4a-426a-b988-6d4c995c98b6","historyId":"2539b8bbbffbd28465a2fde857d28327","fullName":"features/06_ajuda.feature:24","labels":[{"name":"tag","value":"Ajuda"},{"name":"tag","value":"Busca"},{"name":"host","value":"DESKTOP-NBK526R"},{"name":"thread","value":"12064@DESKTOP-NBK526R.main(3)"},{"name":"feature","value":"Ajuda Cielo"},{"name":"story","value":"Realizar busca na Central de Ajuda"},{"name":"suite","value":"Ajuda Cielo"},{"name":"testClass","value":"Realizar busca na Central de Ajuda"},{"name":"framework","value":"cucumber4jvm"},{"name":"language","value":"java"},{"name":"gherkin_uri","value":"classpath:features/06_ajuda.feature"},{"name":"package","value":"features.06_ajuda_feature.Ajuda Cielo"}],"links":[],"name":"Realizar busca na Central de Ajuda","status":"broken","statusDetails":{"known":false,"muted":false,"flaky":false,"message":"stale element reference: stale element not found\n  (Session info: chrome=143.0.7499.194)\nFor documentation on this error, please visit: https://www.selenium.dev/documentation/webdriver/troubleshooting/errors#stale-element-reference-exception\nBuild info: version: '4.27.0', revision: 'd6e718d134'\nSystem info: os.name: 'Windows 11', os.arch: 'amd64', os.version: '10.0', java.version: '25.0.1'\nDriver info: org.openqa.selenium.chrome.ChromeDriver\nCommand: [4be6c96fa0479e4ecf44b80ca718bb92, executeScript {script=arguments[0].style.border=''; arguments[0].style.outline=''; arguments[0].style.color=''; arguments[0].style.boxShadow='';, args=[{element-6066-11e4-a52e-4f735466cecf=f.E3DB99FFE8DC6962BC18F63376DB96CD.d.256C35C5BB3BE21C258E0089AAF499FF.e.9}]}]\nCapabilities {acceptInsecureCerts: false, browserName: chrome, browserVersion: 143.0.7499.194, chrome: {chromedriverVersion: 143.0.7499.192 (be2c1f4fd45..., userDataDir: C:\\Users\\(-_-)\\AppData\\Loca...}, fedcm:accounts: true, goog:chromeOptions: {debuggerAddress: localhost:64319}, goog:processID: 17644, networkConnectionEnabled: false, pageLoadStrategy: normal, platformName: windows, proxy: Proxy(), se:cdp: ws://localhost:64319/devtoo..., se:cdpVersion: 143.0.7499.194, setWindowRect: true, strictFileInteractability: false, timeouts: {implicit: 0, pageLoad: 300000, script: 30000}, unhandledPromptBehavior: dismiss and notify, webauthn:extension:credBlob: true, webauthn:extension:largeBlob: true, webauthn:extension:minPinLength: true, webauthn:extension:prf: true, webauthn:virtualAuthenticators: true}\nSession ID: 4be6c96fa0479e4ecf44b80ca718bb92","trace":"org.openqa.selenium.StaleElementReferenceException: stale element reference: stale element not found\n  (Session info: chrome=143.0.7499.194)\nFor documentation on this error, please visit: https://www.selenium.dev/documentation/webdriver/troubleshooting/errors#stale-element-reference-exception\nBuild info: version: '4.27.0', revision: 'd6e718d134'\nSystem info: os.name: 'Windows 11', os.arch: 'amd64', os.version: '10.0', java.version: '25.0.1'\nDriver info: org.openqa.selenium.chrome.ChromeDriver\nCommand: [4be6c96fa0479e4ecf44b80ca718bb92, executeScript {script=arguments[0].style.border=''; arguments[0].style.outline=''; arguments[0].style.color=''; arguments[0].style.boxShadow='';, args=[{element-6066-11e4-a52e-4f735466cecf=f.E3DB99FFE8DC6962BC18F63376DB96CD.d.256C35C5BB3BE21C258E0089AAF499FF.e.9}]}]\nCapabilities {acceptInsecureCerts: false, browserName: chrome, browserVersion: 143.0.7499.194, chrome: {chromedriverVersion: 143.0.7499.192 (be2c1f4fd45..., userDataDir: C:\\Users\\(-_-)\\AppData\\Loca...}, fedcm:accounts: true, goog:chromeOptions: {debuggerAddress: localhost:64319}, goog:processID: 17644, networkConnectionEnabled: false, pageLoadStrategy: normal, platformName: windows, proxy: Proxy(), se:cdp: ws://localhost:64319/devtoo..., se:cdpVersion: 143.0.7499.194, setWindowRect: true, strictFileInteractability: false, timeouts: {implicit: 0, pageLoad: 300000, script: 30000}, unhandledPromptBehavior: dismiss and notify, webauthn:extension:credBlob: true, webauthn:extension:largeBlob: true, webauthn:extension:minPinLength: true, webauthn:extension:prf: true, webauthn:virtualAuthenticators: true}\nSession ID: 4be6c96fa0479e4ecf44b80ca718bb92\r\n\tat java.base/jdk.internal.reflect.DirectConstructorHandleAccessor.newInstance(DirectConstructorHandleAccessor.java:62)\r\n\tat java.base/java.lang.reflect.Constructor.newInstanceWithCaller(Constructor.java:499)\r\n\tat java.base/java.lang.reflect.Constructor.newInstance(Constructor.java:483)\r\n\tat org.openqa.selenium.remote.ErrorCodec.decode(ErrorCodec.java:167)\r\n\tat org.openqa.selenium.remote.codec.w3c.W3CHttpResponseCodec.decode(W3CHttpResponseCodec.java:138)\r\n\tat org.openqa.selenium.remote.codec.w3c.W3CHttpResponseCodec.decode(W3CHttpResponseCodec.java:50)\r\n\tat org.openqa.selenium.remote.HttpCommandExecutor.execute(HttpCommandExecutor.java:190)\r\n\tat org.openqa.selenium.remote.service.DriverCommandExecutor.invokeExecute(DriverCommandExecutor.java:216)\r\n\tat org.openqa.selenium.remote.service.DriverCommandExecutor.execute(DriverCommandExecutor.java:174)\r\n\tat org.openqa.selenium.remote.RemoteWebDriver.execute(RemoteWebDriver.java:545)\r\n\tat org.openqa.selenium.remote.RemoteWebDriver.executeScript(RemoteWebDriver.java:476)\r\n\tat utils.ElementHelper.unhighlightElement(ElementHelper.java:80)\r\n\tat utils.ElementHelper.clickWithHighlight(ElementHelper.java:180)\r\n\tat pages.BasePage.click(BasePage.java:25)\r\n\tat pages.CommonPage.acessarAjuda(CommonPage.java:37)\r\n\tat steps.CieloSteps.euDestacoEClicoNoElemento(CieloSteps.java:50)\r\n\tat ✽.eu destaco e clico no elemento \"Ajuda\"(classpath:features/06_ajuda.feature:25)\r\n"},"stage":"finished","steps":[{"name":"Dado  que eu acesso a página inicial da Cielo","status":"passed","statusDetails":{"known":false,"muted":false,"flaky":false},"stage":"finished","steps":[],"attachments":[],"parameters":[],"start":1769205883695,"stop":1769205885287},{"name":"E  eu fecho o popup","status":"passed","statusDetails":{"known":false,"muted":false,"flaky":false},"stage":"finished","steps":[],"attachments":[],"parameters":[],"start":1769205885287,"stop":1769205886133},{"name":"Quando  eu destaco e clico no elemento \"Ajuda\"","status":"broken","statusDetails":{"known":false,"muted":false,"flaky":false,"message":"stale element reference: stale element not found\n  (Session info: chrome=143.0.7499.194)\nFor documentation on this error, please visit: https://www.selenium.dev/documentation/webdriver/troubleshooting/errors#stale-element-reference-exception\nBuild info: version: '4.27.0', revision: 'd6e718d134'\nSystem info: os.name: 'Windows 11', os.arch: 'amd64', os.version: '10.0', java.version: '25.0.1'\nDriver info: org.openqa.selenium.chrome.ChromeDriver\nCommand: [4be6c96fa0479e4ecf44b80ca718bb92, executeScript {script=arguments[0].style.border=''; arguments[0].style.outline=''; arguments[0].style.color=''; arguments[0].style.boxShadow='';, args=[{element-6066-11e4-a52e-4f735466cecf=f.E3DB99FFE8DC6962BC18F63376DB96CD.d.256C35C5BB3BE21C258E0089AAF499FF.e.9}]}]\nCapabilities {acceptInsecureCerts: false, browserName: chrome, browserVersion: 143.0.7499.194, chrome: {chromedriverVersion: 143.0.7499.192 (be2c1f4fd45..., userDataDir: C:\\Users\\(-_-)\\AppData\\Loca...}, fedcm:accounts: true, goog:chromeOptions: {debuggerAddress: localhost:64319}, goog:processID: 17644, networkConnectionEnabled: false, pageLoadStrategy: normal, platformName: windows, proxy: Proxy(), se:cdp: ws://localhost:64319/devtoo..., se:cdpVersion: 143.0.7499.194, setWindowRect: true, strictFileInteractability: false, timeouts: {implicit: 0, pageLoad: 300000, script: 30000}, unhandledPromptBehavior: dismiss and notify, webauthn:extension:credBlob: true, webauthn:extension:largeBlob: true, webauthn:extension:minPinLength: true, webauthn:extension:prf: true, webauthn:virtualAuthenticators: true}\nSession ID: 4be6c96fa0479e4ecf44b80ca718bb92","trace":"org.openqa.selenium.StaleElementReferenceException: stale element reference: stale element not found\n  (Session info: chrome=143.0.7499.194)\nFor documentation on this error, please visit: https://www.selenium.dev/documentation/webdriver/troubleshooting/errors#stale-element-reference-exception\nBuild info: version: '4.27.0', revision: 'd6e718d134'\nSystem info: os.name: 'Windows 11', os.arch: 'amd64', os.version: '10.0', java.version: '25.0.1'\nDriver info: org.openqa.selenium.chrome.ChromeDriver\nCommand: [4be6c96fa0479e4ecf44b80ca718bb92, executeScript {script=arguments[0].style.border=''; arguments[0].style.outline=''; arguments[0].style.color=''; arguments[0].style.boxShadow='';, args=[{element-6066-11e4-a52e-4f735466cecf=f.E3DB99FFE8DC6962BC18F63376DB96CD.d.256C35C5BB3BE21C258E0089AAF499FF.e.9}]}]\nCapabilities {acceptInsecureCerts: false, browserName: chrome, browserVersion: 143.0.7499.194, chrome: {chromedriverVersion: 143.0.7499.192 (be2c1f4fd45..., userDataDir: C:\\Users\\(-_-)\\AppData\\Loca...}, fedcm:accounts: true, goog:chromeOptions: {debuggerAddress: localhost:64319}, goog:processID: 17644, networkConnectionEnabled: false, pageLoadStrategy: normal, platformName: windows, proxy: Proxy(), se:cdp: ws://localhost:64319/devtoo..., se:cdpVersion: 143.0.7499.194, setWindowRect: true, strictFileInteractability: false, timeouts: {implicit: 0, pageLoad: 300000, script: 30000}, unhandledPromptBehavior: dismiss and notify, webauthn:extension:credBlob: true, webauthn:extension:largeBlob: true, webauthn:extension:minPinLength: true, webauthn:extension:prf: true, webauthn:virtualAuthenticators: true}\nSession ID: 4be6c96fa0479e4ecf44b80ca718bb92\r\n\tat java.base/jdk.internal.reflect.DirectConstructorHandleAccessor.newInstance(DirectConstructorHandleAccessor.java:62)\r\n\tat java.base/java.lang.reflect.Constructor.newInstanceWithCaller(Constructor.java:499)\r\n\tat java.base/java.lang.reflect.Constructor.newInstance(Constructor.java:483)\r\n\tat org.openqa.selenium.remote.ErrorCodec.decode(ErrorCodec.java:167)\r\n\tat org.openqa.selenium.remote.codec.w3c.W3CHttpResponseCodec.decode(W3CHttpResponseCodec.java:138)\r\n\tat org.openqa.selenium.remote.codec.w3c.W3CHttpResponseCodec.decode(W3CHttpResponseCodec.java:50)\r\n\tat org.openqa.selenium.remote.HttpCommandExecutor.execute(HttpCommandExecutor.java:190)\r\n\tat org.openqa.selenium.remote.service.DriverCommandExecutor.invokeExecute(DriverCommandExecutor.java:216)\r\n\tat org.openqa.selenium.remote.service.DriverCommandExecutor.execute(DriverCommandExecutor.java:174)\r\n\tat org.openqa.selenium.remote.RemoteWebDriver.execute(RemoteWebDriver.java:545)\r\n\tat org.openqa.selenium.remote.RemoteWebDriver.executeScript(RemoteWebDriver.java:476)\r\n\tat utils.ElementHelper.unhighlightElement(ElementHelper.java:80)\r\n\tat utils.ElementHelper.clickWithHighlight(ElementHelper.java:180)\r\n\tat pages.BasePage.click(BasePage.java:25)\r\n\tat pages.CommonPage.acessarAjuda(CommonPage.java:37)\r\n\tat steps.CieloSteps.euDestacoEClicoNoElemento(CieloSteps.java:50)\r\n\tat ✽.eu destaco e clico no elemento \"Ajuda\"(classpath:features/06_ajuda.feature:25)\r\n"},"stage":"finished","steps":[],"attachments":[],"parameters":[],"start":1769205886133,"stop":1769205889254},{"name":"E  eu realizo uma busca por \"Taxas\"","status":"skipped","statusDetails":{"known":false,"muted":false,"flaky":false},"stage":"finished","steps":[],"attachments":[],"parameters":[],"start":1769205889254,"stop":1769205889254},{"name":"Então  eu vejo resultados relacionados a \"Taxas\"","status":"skipped","statusDetails":{"known":false,"muted":false,"flaky":false},"stage":"finished","steps":[],"attachments":[],"parameters":[],"start":1769205889254,"stop":1769205889255}],"attachments":[],"parameters":[],"start":1769205883074,"stop":1769205889606}