{"uuid":"bcb9a7a0-6430-41d7-a339-831eb8936123","historyId":"499442c19c4cf9230a2818f73ab4949","fullName":"features/04_solucoes.feature:17","labels":[{"name":"tag","value":"Solucoes"},{"name":"tag","value":"HappyPath"},{"name":"host","value":"DESKTOP-NBK526R"},{"name":"thread","value":"12064@DESKTOP-NBK526R.main(3)"},{"name":"feature","value":"Soluções Cielo"},{"name":"story","value":"Navegar pelas Soluções Conversor de Moedas"},{"name":"suite","value":"Soluções Cielo"},{"name":"testClass","value":"Navegar pelas Soluções Conversor de Moedas"},{"name":"framework","value":"cucumber4jvm"},{"name":"language","value":"java"},{"name":"gherkin_uri","value":"classpath:features/04_solucoes.feature"},{"name":"package","value":"features.04_solucoes_feature.Soluções Cielo"}],"links":[],"name":"Navegar pelas Soluções Conversor de Moedas","status":"broken","statusDetails":{"known":false,"muted":false,"flaky":false,"message":"stale element reference: stale element not found\n  (Session info: chrome=143.0.7499.194)\nFor documentation on this error, please visit: https://www.selenium.dev/documentation/webdriver/troubleshooting/errors#stale-element-reference-exception\nBuild info: version: '4.27.0', revision: 'd6e718d134'\nSystem info: os.name: 'Windows 11', os.arch: 'amd64', os.version: '10.0', java.version: '25.0.1'\nDriver info: org.openqa.selenium.chrome.ChromeDriver\nCommand: [3cdd93eedef84755a7725ba3cfb4a495, executeScript {script=arguments[0].style.border=''; arguments[0].style.outline=''; arguments[0].style.color=''; arguments[0].style.boxShadow='';, args=[{element-6066-11e4-a52e-4f735466cecf=f.476B2609930E6D47A9CAA14D43E8CD8F.d.AB953B3448AF83F46738CE2638DD05E5.e.6}]}]\nCapabilities {acceptInsecureCerts: false, browserName: chrome, browserVersion: 143.0.7499.194, chrome: {chromedriverVersion: 143.0.7499.192 (be2c1f4fd45..., userDataDir: C:\\Users\\(-_-)\\AppData\\Loca...}, fedcm:accounts: true, goog:chromeOptions: {debuggerAddress: localhost:49825}, goog:processID: 16528, networkConnectionEnabled: false, pageLoadStrategy: normal, platformName: windows, proxy: Proxy(), se:cdp: ws://localhost:49825/devtoo..., se:cdpVersion: 143.0.7499.194, setWindowRect: true, strictFileInteractability: false, timeouts: {implicit: 0, pageLoad: 300000, script: 30000}, unhandledPromptBehavior: dismiss and notify, webauthn:extension:credBlob: true, webauthn:extension:largeBlob: true, webauthn:extension:minPinLength: true, webauthn:extension:prf: true, webauthn:virtualAuthenticators: true}\nSession ID: 3cdd93eedef84755a7725ba3cfb4a495","trace":"org.openqa.selenium.StaleElementReferenceException: stale element reference: stale element not found\n  (Session info: chrome=143.0.7499.194)\nFor documentation on this error, please visit: https://www.selenium.dev/documentation/webdriver/troubleshooting/errors#stale-element-reference-exception\nBuild info: version: '4.27.0', revision: 'd6e718d134'\nSystem info: os.name: 'Windows 11', os.arch: 'amd64', os.version: '10.0', java.version: '25.0.1'\nDriver info: org.openqa.selenium.chrome.ChromeDriver\nCommand: [3cdd93eedef84755a7725ba3cfb4a495, executeScript {script=arguments[0].style.border=''; arguments[0].style.outline=''; arguments[0].style.color=''; arguments[0].style.boxShadow='';, args=[{element-6066-11e4-a52e-4f735466cecf=f.476B2609930E6D47A9CAA14D43E8CD8F.d.AB953B3448AF83F46738CE2638DD05E5.e.6}]}]\nCapabilities {acceptInsecureCerts: false, browserName: chrome, browserVersion: 143.0.7499.194, chrome: {chromedriverVersion: 143.0.7499.192 (be2c1f4fd45..., userDataDir: C:\\Users\\(-_-)\\AppData\\Loca...}, fedcm:accounts: true, goog:chromeOptions: {debuggerAddress: localhost:49825}, goog:processID: 16528, networkConnectionEnabled: false, pageLoadStrategy: normal, platformName: windows, proxy: Proxy(), se:cdp: ws://localhost:49825/devtoo..., se:cdpVersion: 143.0.7499.194, setWindowRect: true, strictFileInteractability: false, timeouts: {implicit: 0, pageLoad: 300000, script: 30000}, unhandledPromptBehavior: dismiss and notify, webauthn:extension:credBlob: true, webauthn:extension:largeBlob: true, webauthn:extension:minPinLength: true, webauthn:extension:prf: true, webauthn:virtualAuthenticators: true}\nSession ID: 3cdd93eedef84755a7725ba3cfb4a495\r\n\tat java.base/jdk.internal.reflect.DirectConstructorHandleAccessor.newInstance(DirectConstructorHandleAccessor.java:62)\r\n\tat java.base/java.lang.reflect.Constructor.newInstanceWithCaller(Constructor.java:499)\r\n\tat java.base/java.lang.reflect.Constructor.newInstance(Constructor.java:483)\r\n\tat org.openqa.selenium.remote.ErrorCodec.decode(ErrorCodec.java:167)\r\n\tat org.openqa.selenium.remote.codec.w3c.W3CHttpResponseCodec.decode(W3CHttpResponseCodec.java:138)\r\n\tat org.openqa.selenium.remote.codec.w3c.W3CHttpResponseCodec.decode(W3CHttpResponseCodec.java:50)\r\n\tat org.openqa.selenium.remote.HttpCommandExecutor.execute(HttpCommandExecutor.java:190)\r\n\tat org.openqa.selenium.remote.service.DriverCommandExecutor.invokeExecute(DriverCommandExecutor.java:216)\r\n\tat org.openqa.selenium.remote.service.DriverCommandExecutor.execute(DriverCommandExecutor.java:174)\r\n\tat org.openqa.selenium.remote.RemoteWebDriver.execute(RemoteWebDriver.java:545)\r\n\tat org.openqa.selenium.remote.RemoteWebDriver.executeScript(RemoteWebDriver.java:476)\r\n\tat utils.ElementHelper.unhighlightElement(ElementHelper.java:80)\r\n\tat utils.ElementHelper.clickWithHighlight(ElementHelper.java:180)\r\n\tat pages.BasePage.click(BasePage.java:25)\r\n\tat pages.CommonPage.acessarSolucoes(CommonPage.java:33)\r\n\tat steps.CieloSteps.euDestacoEClicoNoElemento(CieloSteps.java:49)\r\n\tat ✽.eu destaco e clico no elemento \"Soluções\"(classpath:features/04_solucoes.feature:10)\r\n"},"stage":"finished","steps":[{"name":"Dado  que eu acesso a página inicial da Cielo","status":"passed","statusDetails":{"known":false,"muted":false,"flaky":false},"stage":"finished","steps":[],"attachments":[],"parameters":[],"start":1769205793877,"stop":1769205796151},{"name":"E  eu fecho o popup","status":"passed","statusDetails":{"known":false,"muted":false,"flaky":false},"stage":"finished","steps":[],"attachments":[],"parameters":[],"start":1769205796151,"stop":1769205796902},{"name":"Quando  eu destaco e clico no elemento \"Soluções\"","status":"broken","statusDetails":{"known":false,"muted":false,"flaky":false,"message":"stale element reference: stale element not found\n  (Session info: chrome=143.0.7499.194)\nFor documentation on this error, please visit: https://www.selenium.dev/documentation/webdriver/troubleshooting/errors#stale-element-reference-exception\nBuild info: version: '4.27.0', revision: 'd6e718d134'\nSystem info: os.name: 'Windows 11', os.arch: 'amd64', os.version: '10.0', java.version: '25.0.1'\nDriver info: org.openqa.selenium.chrome.ChromeDriver\nCommand: [3cdd93eedef84755a7725ba3cfb4a495, executeScript {script=arguments[0].style.border=''; arguments[0].style.outline=''; arguments[0].style.color=''; arguments[0].style.boxShadow='';, args=[{element-6066-11e4-a52e-4f735466cecf=f.476B2609930E6D47A9CAA14D43E8CD8F.d.AB953B3448AF83F46738CE2638DD05E5.e.6}]}]\nCapabilities {acceptInsecureCerts: false, browserName: chrome, browserVersion: 143.0.7499.194, chrome: {chromedriverVersion: 143.0.7499.192 (be2c1f4fd45..., userDataDir: C:\\Users\\(-_-)\\AppData\\Loca...}, fedcm:accounts: true, goog:chromeOptions: {debuggerAddress: localhost:49825}, goog:processID: 16528, networkConnectionEnabled: false, pageLoadStrategy: normal, platformName: windows, proxy: Proxy(), se:cdp: ws://localhost:49825/devtoo..., se:cdpVersion: 143.0.7499.194, setWindowRect: true, strictFileInteractability: false, timeouts: {implicit: 0, pageLoad: 300000, script: 30000}, unhandledPromptBehavior: dismiss and notify, webauthn:extension:credBlob: true, webauthn:extension:largeBlob: true, webauthn:extension:minPinLength: true, webauthn:extension:prf: true, webauthn:virtualAuthenticators: true}\nSession ID: 3cdd93eedef84755a7725ba3cfb4a495","trace":"org.openqa.selenium.StaleElementReferenceException: stale element reference: stale element not found\n  (Session info: chrome=143.0.7499.194)\nFor documentation on this error, please visit: https://www.selenium.dev/documentation/webdriver/troubleshooting/errors#stale-element-reference-exception\nBuild info: version: '4.27.0', revision: 'd6e718d134'\nSystem info: os.name: 'Windows 11', os.arch: 'amd64', os.version: '10.0', java.version: '25.0.1'\nDriver info: org.openqa.selenium.chrome.ChromeDriver\nCommand: [3cdd93eedef84755a7725ba3cfb4a495, executeScript {script=arguments[0].style.border=''; arguments[0].style.outline=''; arguments[0].style.color=''; arguments[0].style.boxShadow='';, args=[{element-6066-11e4-a52e-4f735466cecf=f.476B2609930E6D47A9CAA14D43E8CD8F.d.AB953B3448AF83F46738CE2638DD05E5.e.6}]}]\nCapabilities {acceptInsecureCerts: false, browserName: chrome, browserVersion: 143.0.7499.194, chrome: {chromedriverVersion: 143.0.7499.192 (be2c1f4fd45..., userDataDir: C:\\Users\\(-_-)\\AppData\\Loca...}, fedcm:accounts: true, goog:chromeOptions: {debuggerAddress: localhost:49825}, goog:processID: 16528, networkConnectionEnabled: false, pageLoadStrategy: normal, platformName: windows, proxy: Proxy(), se:cdp: ws://localhost:49825/devtoo..., se:cdpVersion: 143.0.7499.194, setWindowRect: true, strictFileInteractability: false, timeouts: {implicit: 0, pageLoad: 300000, script: 30000}, unhandledPromptBehavior: dismiss and notify, webauthn:extension:credBlob: true, webauthn:extension:largeBlob: true, webauthn:extension:minPinLength: true, webauthn:extension:prf: true, webauthn:virtualAuthenticators: true}\nSession ID: 3cdd93eedef84755a7725ba3cfb4a495\r\n\tat java.base/jdk.internal.reflect.DirectConstructorHandleAccessor.newInstance(DirectConstructorHandleAccessor.java:62)\r\n\tat java.base/java.lang.reflect.Constructor.newInstanceWithCaller(Constructor.java:499)\r\n\tat java.base/java.lang.reflect.Constructor.newInstance(Constructor.java:483)\r\n\tat org.openqa.selenium.remote.ErrorCodec.decode(ErrorCodec.java:167)\r\n\tat org.openqa.selenium.remote.codec.w3c.W3CHttpResponseCodec.decode(W3CHttpResponseCodec.java:138)\r\n\tat org.openqa.selenium.remote.codec.w3c.W3CHttpResponseCodec.decode(W3CHttpResponseCodec.java:50)\r\n\tat org.openqa.selenium.remote.HttpCommandExecutor.execute(HttpCommandExecutor.java:190)\r\n\tat org.openqa.selenium.remote.service.DriverCommandExecutor.invokeExecute(DriverCommandExecutor.java:216)\r\n\tat org.openqa.selenium.remote.service.DriverCommandExecutor.execute(DriverCommandExecutor.java:174)\r\n\tat org.openqa.selenium.remote.RemoteWebDriver.execute(RemoteWebDriver.java:545)\r\n\tat org.openqa.selenium.remote.RemoteWebDriver.executeScript(RemoteWebDriver.java:476)\r\n\tat utils.ElementHelper.unhighlightElement(ElementHelper.java:80)\r\n\tat utils.ElementHelper.clickWithHighlight(ElementHelper.java:180)\r\n\tat pages.BasePage.click(BasePage.java:25)\r\n\tat pages.CommonPage.acessarSolucoes(CommonPage.java:33)\r\n\tat steps.CieloSteps.euDestacoEClicoNoElemento(CieloSteps.java:49)\r\n\tat ✽.eu destaco e clico no elemento \"Soluções\"(classpath:features/04_solucoes.feature:10)\r\n"},"stage":"finished","steps":[],"attachments":[],"parameters":[],"start":1769205796902,"stop":1769205800140},{"name":"E  eu interajo com o sub-elemento \"Conversor de Moedas\"","status":"skipped","statusDetails":{"known":false,"muted":false,"flaky":false},"stage":"finished","steps":[],"attachments":[],"parameters":[],"start":1769205800142,"stop":1769205800142},{"name":"Então  eu tiro um screenshot do resultado \"Resultado\"","status":"skipped","statusDetails":{"known":false,"muted":false,"flaky":false},"stage":"finished","steps":[],"attachments":[],"parameters":[],"start":1769205800143,"stop":1769205800143}],"attachments":[],"parameters":[{"name":"SubElemento","value":"Conversor de Moedas"}],"start":1769205793167,"stop":1769205800433}